2018-11-28 20:50:59: -- Analysis Started by User Command
2018-11-28 20:50:59: L: State file does not exist: C:/doycet.github.io/_gsdata_/_file_state_v4._gs
2018-11-28 20:50:59: R: State file does not exist: C:/Google Drive/RPG/!Supers/!Masks/EG/_gsdata_/_file_state_v4._gs
2018-11-28 20:50:59: /Masks EG - session 00.md: Conflict: New files that differ
2018-11-28 20:50:59: Analyze has finished with Conflicts. Resolve Conflicts by selecting the correct sync direction, then click Sync
2018-11-28 20:50:59: Changes: 185, Conflicts: 1, CopyTime: 0, FixState: 1, Errors: 0, All: 191
2018-11-28 20:50:59: Left to Right: Copy File: 18 
2018-11-28 20:50:59: Right to Left: Copy File: 166 
2018-11-28 20:50:59: -- Analysis Complete. Time 00:00:00, Speed: Many files/s
2018-11-28 20:50:59: 
2018-11-28 20:51:16: === User Changed Action from 'CONFLICT' to 'COPY_FILE_LTOR' on item /Masks EG - session 00.md
2018-11-28 20:51:16: Done.
2018-11-28 20:51:17: === User Changed Action from 'CONFLICT' to 'COPY_FILE_LTOR' on item /Masks EG - session 00.md
2018-11-28 20:51:17: Done.
2018-11-28 20:51:19: === User Changed Action from 'CONFLICT' to 'COPY_FILE_LTOR' on item /Masks EG - session 00.md
2018-11-28 20:51:19: Done.
2018-11-28 20:51:22: == Sync Started by User Command
2018-11-28 20:51:22: Create Folder 'C:/doycet.github.io/img/assets'
2018-11-28 20:51:22: Create Folder 'C:/doycet.github.io/img/NPCs'
2018-11-28 20:51:22: Create Folder 'C:/doycet.github.io/img/NPCs/Gardner'
2018-11-28 20:51:22: Create Folder 'C:/doycet.github.io/img/Villains'
2018-11-28 20:51:22: Copy New 'C:/doycet.github.io/GPLv3.txt' -> 'C:/Google Drive/RPG/!Supers/!Masks/EG/GPLv3.txt' (35,147)
2018-11-28 20:51:22: Copy New 'C:/Google Drive/RPG/!Supers/!Masks/EG/img/105424.jpg' -> 'C:/doycet.github.io/img/105424.jpg' (78,196)
2018-11-28 20:51:22: Copy New 'C:/Google Drive/RPG/!Supers/!Masks/EG/img/3053997463851657358.jpg' -> 'C:/doycet.github.io/img/3053997463851657358.jpg' (37,672)
2018-11-28 20:51:22: Copy New 'C:/Google Drive/RPG/!Supers/!Masks/EG/img/6886610892338475240.jpg' -> 'C:/doycet.github.io/img/6886610892338475240.jpg' (45,651)
2018-11-28 20:51:22: Copy New 'C:/Google Drive/RPG/!Supers/!Masks/EG/img/a40b8f33c5bd4323a1c223d8f46ee625.jpg' -> 'C:/doycet.github.io/img/a40b8f33c5bd4323a1c223d8f46ee625.jpg' (201,040)
2018-11-28 20:51:22: Copy New 'C:/Google Drive/RPG/!Supers/!Masks/EG/img/assets/18s0fknzsv5pvjpg.jpg' -> 'C:/doycet.github.io/img/assets/18s0fknzsv5pvjpg.jpg' (80,850)
2018-11-28 20:51:22: Copy New 'C:/Google Drive/RPG/!Supers/!Masks/EG/img/assets/2018-11-17 - October 30 at 0400AM evilbuildingsblog.jpg' -> 'C:/doycet.github.io/img/assets/2018-11-17 - October 30 at 0400AM evilbuildingsblog.jpg' (205,098)
2018-11-28 20:51:22: Copy New 'C:/Google Drive/RPG/!Supers/!Masks/EG/img/assets/220px-8-cell.gif' -> 'C:/doycet.github.io/img/assets/220px-8-cell.gif' (2,389,389)
2018-11-28 20:51:22: Copy New 'C:/Google Drive/RPG/!Supers/!Masks/EG/img/assets/273b79aad046a798c949aec77d71b84d.jpg' -> 'C:/doycet.github.io/img/assets/273b79aad046a798c949aec77d71b84d.jpg' (119,136)
2018-11-28 20:51:22: Copy New 'C:/Google Drive/RPG/!Supers/!Masks/EG/img/assets/5806c72e24e2dbb49f8368f144dbf59b.jpg' -> 'C:/doycet.github.io/img/assets/5806c72e24e2dbb49f8368f144dbf59b.jpg' (169,293)
2018-11-28 20:51:22: Copy New 'C:/Google Drive/RPG/!Supers/!Masks/EG/img/assets/_earth_27_living__kord_and_carter_s_party_pad_by_roysovitch-dbn5tfs.jpg' -> 'C:/doycet.github.io/img/assets/_earth_27_living__kord_and_carter_s_party_pad_by_roysovitch-dbn5tfs.jpg' (629,910)
2018-11-28 20:51:22: Copy New 'C:/Google Drive/RPG/!Supers/!Masks/EG/img/assets/_earth_27_living__the_doom_patrol_hq_by_roysovitch-dc628x7.jpg' -> 'C:/doycet.github.io/img/assets/_earth_27_living__the_doom_patrol_hq_by_roysovitch-dc628x7.jpg' (273,005)
2018-11-28 20:51:22: Copy New 'C:/Google Drive/RPG/!Supers/!Masks/EG/img/assets/airport_design.jpg' -> 'C:/doycet.github.io/img/assets/airport_design.jpg' (73,070)
2018-11-28 20:51:22: Copy New 'C:/Google Drive/RPG/!Supers/!Masks/EG/img/assets/american radiator building - bryant park hotel.jpg' -> 'C:/doycet.github.io/img/assets/american radiator building - bryant park hotel.jpg' (182,189)
2018-11-28 20:51:22: Copy New 'C:/Google Drive/RPG/!Supers/!Masks/EG/img/assets/BlackstoneFederalPrison.jpg' -> 'C:/doycet.github.io/img/assets/BlackstoneFederalPrison.jpg' (139,721)
2018-11-28 20:51:22: Copy New 'C:/Google Drive/RPG/!Supers/!Masks/EG/img/assets/bomb_shelter_by_roysovitch-dbn606p.jpg' -> 'C:/doycet.github.io/img/assets/bomb_shelter_by_roysovitch-dbn606p.jpg' (87,312)
2018-11-28 20:51:22: Copy New 'C:/Google Drive/RPG/!Supers/!Masks/EG/img/assets/british-victory-hi.png' -> 'C:/doycet.github.io/img/assets/british-victory-hi.png' (41,216)
2018-11-28 20:51:22: Copy New 'C:/Google Drive/RPG/!Supers/!Masks/EG/img/assets/bubble.jpg' -> 'C:/doycet.github.io/img/assets/bubble.jpg' (4,975)
2018-11-28 20:51:22: Copy New 'C:/Google Drive/RPG/!Supers/!Masks/EG/img/assets/chrysler.nocrop.w800.h2147483647.jpg' -> 'C:/doycet.github.io/img/assets/chrysler.nocrop.w800.h2147483647.jpg' (619,177)
2018-11-28 20:51:22: Copy New 'C:/Google Drive/RPG/!Supers/!Masks/EG/img/assets/condition afraid.png' -> 'C:/doycet.github.io/img/assets/condition afraid.png' (117,961)
2018-11-28 20:51:22: Copy New 'C:/Google Drive/RPG/!Supers/!Masks/EG/img/assets/condition angry.png' -> 'C:/doycet.github.io/img/assets/condition angry.png' (123,587)
2018-11-28 20:51:22: Copy New 'C:/Google Drive/RPG/!Supers/!Masks/EG/img/assets/condition guilty.png' -> 'C:/doycet.github.io/img/assets/condition guilty.png' (124,374)
2018-11-28 20:51:22: Copy New 'C:/Google Drive/RPG/!Supers/!Masks/EG/img/assets/condition hopeless.png' -> 'C:/doycet.github.io/img/assets/condition hopeless.png' (126,426)
2018-11-28 20:51:22: Copy New 'C:/Google Drive/RPG/!Supers/!Masks/EG/img/assets/condition insecure.png' -> 'C:/doycet.github.io/img/assets/condition insecure.png' (108,351)
2018-11-28 20:51:22: Copy New 'C:/Google Drive/RPG/!Supers/!Masks/EG/img/assets/dick_grayson_s_apartment_by_roysovitch-daesuvx.jpg' -> 'C:/doycet.github.io/img/assets/dick_grayson_s_apartment_by_roysovitch-daesuvx.jpg' (121,306)
2018-11-28 20:51:22: Copy New 'C:/Google Drive/RPG/!Supers/!Masks/EG/img/assets/em_and_angies_apartment_schematic_1_by_roysovitch-dbp1w8y.jpg' -> 'C:/doycet.github.io/img/assets/em_and_angies_apartment_schematic_1_by_roysovitch-dbp1w8y.jpg' (142,404)
2018-11-28 20:51:22: Copy New 'C:/Google Drive/RPG/!Supers/!Masks/EG/img/assets/etri.svg.png' -> 'C:/doycet.github.io/img/assets/etri.svg.png' (16,741)
2018-11-28 20:51:22: Copy New 'C:/Google Drive/RPG/!Supers/!Masks/EG/img/assets/FB_IMG_1507235911353.jpg' -> 'C:/doycet.github.io/img/assets/FB_IMG_1507235911353.jpg' (42,216)
2018-11-28 20:51:22: Copy New 'C:/Google Drive/RPG/!Supers/!Masks/EG/img/assets/halcyon downtown angle.jpg' -> 'C:/doycet.github.io/img/assets/halcyon downtown angle.jpg' (697,121)
2018-11-28 20:51:22: Copy New 'C:/Google Drive/RPG/!Supers/!Masks/EG/img/assets/Halcyon downtown.jpg' -> 'C:/doycet.github.io/img/assets/Halcyon downtown.jpg' (529,498)
2018-11-28 20:51:22: Copy New 'C:/Google Drive/RPG/!Supers/!Masks/EG/img/assets/halcyon shoreline.jpg' -> 'C:/doycet.github.io/img/assets/halcyon shoreline.jpg' (271,942)
2018-11-28 20:51:22: Copy New 'C:/Google Drive/RPG/!Supers/!Masks/EG/img/assets/halcyon skyline.jpg' -> 'C:/doycet.github.io/img/assets/halcyon skyline.jpg' (266,907)
2018-11-28 20:51:22: Copy New 'C:/Google Drive/RPG/!Supers/!Masks/EG/img/assets/Halcyon tri-clover.jpg' -> 'C:/doycet.github.io/img/assets/Halcyon tri-clover.jpg' (412,602)
2018-11-28 20:51:22: Copy New 'C:/Google Drive/RPG/!Supers/!Masks/EG/img/assets/halcyon-coffee.jpg' -> 'C:/doycet.github.io/img/assets/halcyon-coffee.jpg' (186,589)
2018-11-28 20:51:22: Copy New 'C:/Google Drive/RPG/!Supers/!Masks/EG/img/assets/handmade_stilt_spirit_by_mel2daissa-d53gjzq.jpg' -> 'C:/doycet.github.io/img/assets/handmade_stilt_spirit_by_mel2daissa-d53gjzq.jpg' (110,571)
2018-11-28 20:51:22: Copy New 'C:/Google Drive/RPG/!Supers/!Masks/EG/img/assets/Harlem_NYC_0 - Invert.jpg' -> 'C:/doycet.github.io/img/assets/Harlem_NYC_0 - Invert.jpg' (999,074)
2018-11-28 20:51:22: Copy New 'C:/Google Drive/RPG/!Supers/!Masks/EG/img/assets/Harlem_NYC_0 - sepia.jpg' -> 'C:/doycet.github.io/img/assets/Harlem_NYC_0 - sepia.jpg' (1,024,133)
2018-11-28 20:51:22: Copy New 'C:/Google Drive/RPG/!Supers/!Masks/EG/img/assets/Harlem_NYC_0.jpg' -> 'C:/doycet.github.io/img/assets/Harlem_NYC_0.jpg' (530,292)
2018-11-28 20:51:22: Copy New 'C:/Google Drive/RPG/!Supers/!Masks/EG/img/assets/hhl building.png' -> 'C:/doycet.github.io/img/assets/hhl building.png' (705,791)
2018-11-28 20:51:22: Copy New 'C:/Google Drive/RPG/!Supers/!Masks/EG/img/assets/HHL Map.jpg' -> 'C:/doycet.github.io/img/assets/HHL Map.jpg' (72,958)
2018-11-28 20:51:22: Copy New 'C:/Google Drive/RPG/!Supers/!Masks/EG/img/assets/HHL.png' -> 'C:/doycet.github.io/img/assets/HHL.png' (3,163,864)
2018-11-28 20:51:22: Copy New 'C:/Google Drive/RPG/!Supers/!Masks/EG/img/assets/holland-tunnel.nocrop.w1024.h2147483647.jpg' -> 'C:/doycet.github.io/img/assets/holland-tunnel.nocrop.w1024.h2147483647.jpg' (800,282)
2018-11-28 20:51:22: Copy New 'C:/Google Drive/RPG/!Supers/!Masks/EG/img/assets/Hq.jpg' -> 'C:/doycet.github.io/img/assets/Hq.jpg' (29,788)
2018-11-28 20:51:22: Copy New 'C:/Google Drive/RPG/!Supers/!Masks/EG/img/assets/Influence.png' -> 'C:/doycet.github.io/img/assets/Influence.png' (113,875)
2018-11-28 20:51:23: Copy New 'C:/Google Drive/RPG/!Supers/!Masks/EG/img/assets/Lilypad-pl-vaj-ce-mesto-pre-ute-encov.jpg' -> 'C:/doycet.github.io/img/assets/Lilypad-pl-vaj-ce-mesto-pre-ute-encov.jpg' (54,919)
2018-11-28 20:51:23: Copy New 'C:/Google Drive/RPG/!Supers/!Masks/EG/img/assets/masks logo.png' -> 'C:/doycet.github.io/img/assets/masks logo.png' (41,913)
2018-11-28 20:51:23: Copy New 'C:/Google Drive/RPG/!Supers/!Masks/EG/img/assets/masks meetcute.png' -> 'C:/doycet.github.io/img/assets/masks meetcute.png' (380,492)
2018-11-28 20:51:23: Copy New 'C:/Google Drive/RPG/!Supers/!Masks/EG/img/assets/Olympiand.jpg' -> 'C:/doycet.github.io/img/assets/Olympiand.jpg' (131,307)
2018-11-28 20:51:23: Copy New 'C:/Google Drive/RPG/!Supers/!Masks/EG/img/assets/overpass map.jpg' -> 'C:/doycet.github.io/img/assets/overpass map.jpg' (512,915)
2018-11-28 20:51:23: Copy New 'C:/Google Drive/RPG/!Supers/!Masks/EG/img/assets/power plant.jpg' -> 'C:/doycet.github.io/img/assets/power plant.jpg' (225,705)
2018-11-28 20:51:23: Copy New 'C:/Google Drive/RPG/!Supers/!Masks/EG/img/assets/residential_penthouse_by_roysovitch-daerw82.jpg' -> 'C:/doycet.github.io/img/assets/residential_penthouse_by_roysovitch-daerw82.jpg' (116,156)
2018-11-28 20:51:23: Copy New 'C:/Google Drive/RPG/!Supers/!Masks/EG/img/assets/River City.jpg' -> 'C:/doycet.github.io/img/assets/River City.jpg' (512,897)
2018-11-28 20:51:23: Copy New 'C:/Google Drive/RPG/!Supers/!Masks/EG/img/assets/street corner.jpg' -> 'C:/doycet.github.io/img/assets/street corner.jpg' (53,234)
2018-11-28 20:51:23: Copy New 'C:/Google Drive/RPG/!Supers/!Masks/EG/img/assets/supercell.jpg' -> 'C:/doycet.github.io/img/assets/supercell.jpg' (87,244)
2018-11-28 20:51:23: Copy New 'C:/Google Drive/RPG/!Supers/!Masks/EG/img/assets/tumblr_o70ltkru8Z1rte5gyo4_500.gif' -> 'C:/doycet.github.io/img/assets/tumblr_o70ltkru8Z1rte5gyo4_500.gif' (1,624,342)
2018-11-28 20:51:23: Copy New 'C:/Google Drive/RPG/!Supers/!Masks/EG/img/assets/tumblr_o70ltkru8Z1rte5gyo5_500.gif' -> 'C:/doycet.github.io/img/assets/tumblr_o70ltkru8Z1rte5gyo5_500.gif' (1,582,577)
2018-11-28 20:51:23: Copy New 'C:/Google Drive/RPG/!Supers/!Masks/EG/img/assets/tumblr_o70ltkru8Z1rte5gyo6_500.gif' -> 'C:/doycet.github.io/img/assets/tumblr_o70ltkru8Z1rte5gyo6_500.gif' (1,979,773)
2018-11-28 20:51:23: Copy New 'C:/Google Drive/RPG/!Supers/!Masks/EG/img/assets/underwater-base.jpg' -> 'C:/doycet.github.io/img/assets/underwater-base.jpg' (83,973)
2018-11-28 20:51:23: Copy New 'C:/Google Drive/RPG/!Supers/!Masks/EG/img/b09ef8e589a9d6e7c3013b93559d6fa3.jpg' -> 'C:/doycet.github.io/img/b09ef8e589a9d6e7c3013b93559d6fa3.jpg' (29,863)
2018-11-28 20:51:23: Copy New 'C:/doycet.github.io/img/basic_moves.png' -> 'C:/Google Drive/RPG/!Supers/!Masks/EG/img/basic_moves.png' (215,904)
2018-11-28 20:51:23: Copy New 'C:/Google Drive/RPG/!Supers/!Masks/EG/img/bce4a1ba-6f0e-48c4-88e0-a14acb196b7c.jpg' -> 'C:/doycet.github.io/img/bce4a1ba-6f0e-48c4-88e0-a14acb196b7c.jpg' (12,855)
2018-11-28 20:51:23: Copy New 'C:/Google Drive/RPG/!Supers/!Masks/EG/img/dc38ac7ac89a04e3b0e3593f8851eeab.jpg' -> 'C:/doycet.github.io/img/dc38ac7ac89a04e3b0e3593f8851eeab.jpg' (107,357)
2018-11-28 20:51:23: Copy New 'C:/doycet.github.io/img/download_20181127_104011 - Copy.jpg' -> 'C:/Google Drive/RPG/!Supers/!Masks/EG/img/download_20181127_104011 - Copy.jpg' (165,984)
2018-11-28 20:51:23: Copy New 'C:/Google Drive/RPG/!Supers/!Masks/EG/img/download_20181127_104011.jpg' -> 'C:/doycet.github.io/img/download_20181127_104011.jpg' (165,984)
2018-11-28 20:51:23: Copy New 'C:/Google Drive/RPG/!Supers/!Masks/EG/img/download_20181127_104017.jpg' -> 'C:/doycet.github.io/img/download_20181127_104017.jpg' (136,772)
2018-11-28 20:51:23: Copy New 'C:/Google Drive/RPG/!Supers/!Masks/EG/img/download_20181127_115424.jpg' -> 'C:/doycet.github.io/img/download_20181127_115424.jpg' (216,793)
2018-11-28 20:51:23: Copy New 'C:/Google Drive/RPG/!Supers/!Masks/EG/img/maxresdefault (1).jpg' -> 'C:/doycet.github.io/img/maxresdefault (1).jpg' (78,169)
2018-11-28 20:51:23: Copy New 'C:/Google Drive/RPG/!Supers/!Masks/EG/img/NPCs/AEGIS Agent.jpg' -> 'C:/doycet.github.io/img/NPCs/AEGIS Agent.jpg' (57,395)
2018-11-28 20:51:23: Copy New 'C:/Google Drive/RPG/!Supers/!Masks/EG/img/NPCs/agent parker card.jpg' -> 'C:/doycet.github.io/img/NPCs/agent parker card.jpg' (40,998)
2018-11-28 20:51:23: Copy New 'C:/Google Drive/RPG/!Supers/!Masks/EG/img/NPCs/agent Parker label.jpg' -> 'C:/doycet.github.io/img/NPCs/agent Parker label.jpg' (3,179,363)
2018-11-28 20:51:23: Copy New 'C:/Google Drive/RPG/!Supers/!Masks/EG/img/NPCs/Alycia 2018-03-13 at 8.55.11 PM.png' -> 'C:/doycet.github.io/img/NPCs/Alycia 2018-03-13 at 8.55.11 PM.png' (310,288)
2018-11-28 20:51:23: Copy New 'C:/Google Drive/RPG/!Supers/!Masks/EG/img/NPCs/alycia in prison.jpg' -> 'C:/doycet.github.io/img/NPCs/alycia in prison.jpg' (82,154)
2018-11-28 20:51:23: Copy New 'C:/Google Drive/RPG/!Supers/!Masks/EG/img/NPCs/andi dance.jpg' -> 'C:/doycet.github.io/img/NPCs/andi dance.jpg' (44,138)
2018-11-28 20:51:23: Copy New 'C:/Google Drive/RPG/!Supers/!Masks/EG/img/NPCs/bubble tails.jpg' -> 'C:/doycet.github.io/img/NPCs/bubble tails.jpg' (50,386)
2018-11-28 20:51:23: Copy New 'C:/Google Drive/RPG/!Supers/!Masks/EG/img/NPCs/comet.jpg' -> 'C:/doycet.github.io/img/NPCs/comet.jpg' (30,400)
2018-11-28 20:51:23: Copy New 'C:/Google Drive/RPG/!Supers/!Masks/EG/img/NPCs/Costigan.png' -> 'C:/doycet.github.io/img/NPCs/Costigan.png' (41,644)
2018-11-28 20:51:23: Copy New 'C:/Google Drive/RPG/!Supers/!Masks/EG/img/NPCs/damaged.jpg' -> 'C:/doycet.github.io/img/NPCs/damaged.jpg' (76,207)
2018-11-28 20:51:23: Copy New 'C:/Google Drive/RPG/!Supers/!Masks/EG/img/NPCs/fangirl.jpg' -> 'C:/doycet.github.io/img/NPCs/fangirl.jpg' (78,693)
2018-11-28 20:51:23: Copy New 'C:/Google Drive/RPG/!Supers/!Masks/EG/img/NPCs/fighter.jpg' -> 'C:/doycet.github.io/img/NPCs/fighter.jpg' (29,864)
2018-11-28 20:51:23: Copy New 'C:/Google Drive/RPG/!Supers/!Masks/EG/img/NPCs/Gardner/history dept Mr Franklin.jpg' -> 'C:/doycet.github.io/img/NPCs/Gardner/history dept Mr Franklin.jpg' (64,918)
2018-11-28 20:51:24: Copy New 'C:/Google Drive/RPG/!Supers/!Masks/EG/img/NPCs/Gardner/language arts mr hayden.jpg' -> 'C:/doycet.github.io/img/NPCs/Gardner/language arts mr hayden.jpg' (55,994)
2018-11-28 20:51:24: Copy New 'C:/Google Drive/RPG/!Supers/!Masks/EG/img/NPCs/Gardner/math Cha Kil-yong.jpg' -> 'C:/doycet.github.io/img/NPCs/Gardner/math Cha Kil-yong.jpg' (48,564)
2018-11-28 20:51:24: Copy New 'C:/Google Drive/RPG/!Supers/!Masks/EG/img/NPCs/Gardner/science dept - Dr. Schumer.jpg' -> 'C:/doycet.github.io/img/NPCs/Gardner/science dept - Dr. Schumer.jpg' (62,267)
2018-11-28 20:51:24: Copy New 'C:/Google Drive/RPG/!Supers/!Masks/EG/img/NPCs/hecate brown.jpg' -> 'C:/doycet.github.io/img/NPCs/hecate brown.jpg' (823,380)
2018-11-28 20:51:24: Copy New 'C:/Google Drive/RPG/!Supers/!Masks/EG/img/NPCs/hecate bw.jpg' -> 'C:/doycet.github.io/img/NPCs/hecate bw.jpg' (47,708)
2018-11-28 20:51:24: Copy New 'C:/Google Drive/RPG/!Supers/!Masks/EG/img/NPCs/helios_guardsman90.jpg' -> 'C:/doycet.github.io/img/NPCs/helios_guardsman90.jpg' (60,983)
2018-11-28 20:51:24: Copy New 'C:/Google Drive/RPG/!Supers/!Masks/EG/img/NPCs/heroes are magic.jpg' -> 'C:/doycet.github.io/img/NPCs/heroes are magic.jpg' (34,855)
2018-11-28 20:51:24: Copy New 'C:/Google Drive/RPG/!Supers/!Masks/EG/img/NPCs/images.jpg' -> 'C:/doycet.github.io/img/NPCs/images.jpg' (8,417)
2018-11-28 20:51:24: Copy New 'C:/Google Drive/RPG/!Supers/!Masks/EG/img/NPCs/jaguar.jpg' -> 'C:/doycet.github.io/img/NPCs/jaguar.jpg' (92,226)
2018-11-28 20:51:24: Copy New 'C:/Google Drive/RPG/!Supers/!Masks/EG/img/NPCs/jasmine.jpg' -> 'C:/doycet.github.io/img/NPCs/jasmine.jpg' (68,658)
2018-11-28 20:51:24: Copy New 'C:/Google Drive/RPG/!Supers/!Masks/EG/img/NPCs/Marcus Freedom - retired.jpg' -> 'C:/doycet.github.io/img/NPCs/Marcus Freedom - retired.jpg' (144,639)
2018-11-28 20:51:24: Copy New 'C:/Google Drive/RPG/!Supers/!Masks/EG/img/NPCs/marcus freedom - undercover.jpg' -> 'C:/doycet.github.io/img/NPCs/marcus freedom - undercover.jpg' (9,283,942)
2018-11-28 20:51:24: Copy New 'C:/Google Drive/RPG/!Supers/!Masks/EG/img/NPCs/marcus freedom - young.jpg' -> 'C:/doycet.github.io/img/NPCs/marcus freedom - young.jpg' (66,881)
2018-11-28 20:51:24: Copy New 'C:/Google Drive/RPG/!Supers/!Masks/EG/img/NPCs/New Concordance Agent - star-field.jpg' -> 'C:/doycet.github.io/img/NPCs/New Concordance Agent - star-field.jpg' (52,410)
2018-11-28 20:51:24: Copy New 'C:/Google Drive/RPG/!Supers/!Masks/EG/img/NPCs/numina - Quorra-Tron-Olivia-Wilde-b.jpg' -> 'C:/doycet.github.io/img/NPCs/numina - Quorra-Tron-Olivia-Wilde-b.jpg' (63,878)
2018-11-28 20:51:24: Copy New 'C:/Google Drive/RPG/!Supers/!Masks/EG/img/NPCs/numina-quorra.jpg' -> 'C:/doycet.github.io/img/NPCs/numina-quorra.jpg' (142,074)
2018-11-28 20:51:24: Copy New 'C:/Google Drive/RPG/!Supers/!Masks/EG/img/NPCs/numina.jpg' -> 'C:/doycet.github.io/img/NPCs/numina.jpg' (35,505)
2018-11-28 20:51:24: Copy New 'C:/Google Drive/RPG/!Supers/!Masks/EG/img/NPCs/oya.jpg' -> 'C:/doycet.github.io/img/NPCs/oya.jpg' (26,608)
2018-11-28 20:51:24: Copy New 'C:/Google Drive/RPG/!Supers/!Masks/EG/img/NPCs/Patrol.jpg' -> 'C:/doycet.github.io/img/NPCs/Patrol.jpg' (38,445)
2018-11-28 20:51:24: Copy New 'C:/Google Drive/RPG/!Supers/!Masks/EG/img/NPCs/powerpony.jpg' -> 'C:/doycet.github.io/img/NPCs/powerpony.jpg' (36,198)
2018-11-28 20:51:24: Copy New 'C:/Google Drive/RPG/!Supers/!Masks/EG/img/NPCs/proud mary.jpg' -> 'C:/doycet.github.io/img/NPCs/proud mary.jpg' (91,279)
2018-11-28 20:51:24: Copy New 'C:/Google Drive/RPG/!Supers/!Masks/EG/img/NPCs/red panda girl.jpg' -> 'C:/doycet.github.io/img/NPCs/red panda girl.jpg' (51,734)
2018-11-28 20:51:24: Copy New 'C:/Google Drive/RPG/!Supers/!Masks/EG/img/NPCs/Sen Rasch.jpg' -> 'C:/doycet.github.io/img/NPCs/Sen Rasch.jpg' (39,780)
2018-11-28 20:51:24: Copy New 'C:/Google Drive/RPG/!Supers/!Masks/EG/img/NPCs/superchica.jpg' -> 'C:/doycet.github.io/img/NPCs/superchica.jpg' (11,492)
2018-11-28 20:51:24: Copy New 'C:/Google Drive/RPG/!Supers/!Masks/EG/img/NPCs/superchica_0dcf656923cacb7fddf996cd2c9b30c6--supergirl-latina.jpg' -> 'C:/doycet.github.io/img/NPCs/superchica_0dcf656923cacb7fddf996cd2c9b30c6--supergirl-latina.jpg' (85,558)
2018-11-28 20:51:24: Copy New 'C:/Google Drive/RPG/!Supers/!Masks/EG/img/NPCs/Taz in Fla.png' -> 'C:/doycet.github.io/img/NPCs/Taz in Fla.png' (2,768,655)
2018-11-28 20:51:24: Copy New 'C:/Google Drive/RPG/!Supers/!Masks/EG/img/NPCs/taz.png' -> 'C:/doycet.github.io/img/NPCs/taz.png' (676,534)
2018-11-28 20:51:24: Copy New 'C:/Google Drive/RPG/!Supers/!Masks/EG/img/NPCs/telekinetian - rainbow warrior.jpg' -> 'C:/doycet.github.io/img/NPCs/telekinetian - rainbow warrior.jpg' (34,311)
2018-11-28 20:51:24: Copy New 'C:/Google Drive/RPG/!Supers/!Masks/EG/img/NPCs/Telekinetian_Kevin_Keller_Promotional_Photo.jpg' -> 'C:/doycet.github.io/img/NPCs/Telekinetian_Kevin_Keller_Promotional_Photo.jpg' (8,077)
2018-11-28 20:51:24: Copy New 'C:/Google Drive/RPG/!Supers/!Masks/EG/img/NPCs/toastycakes.jpg' -> 'C:/doycet.github.io/img/NPCs/toastycakes.jpg' (204,942)
2018-11-28 20:51:24: Copy New 'C:/Google Drive/RPG/!Supers/!Masks/EG/img/NPCs/tumblr_ofxarrtQrb1scpynio1_500.jpg' -> 'C:/doycet.github.io/img/NPCs/tumblr_ofxarrtQrb1scpynio1_500.jpg' (73,281)
2018-11-28 20:51:24: Copy New 'C:/Google Drive/RPG/!Supers/!Masks/EG/img/NPCs/tumblr_oxdi6wQNXj1w701dvo1_500.jpg' -> 'C:/doycet.github.io/img/NPCs/tumblr_oxdi6wQNXj1w701dvo1_500.jpg' (48,925)
2018-11-28 20:51:24: Copy New 'C:/Google Drive/RPG/!Supers/!Masks/EG/img/NPCs/tumblr_p439oqp2pN1qz6f9yo2_500.jpg' -> 'C:/doycet.github.io/img/NPCs/tumblr_p439oqp2pN1qz6f9yo2_500.jpg' (47,975)
2018-11-28 20:51:24: Copy New 'C:/Google Drive/RPG/!Supers/!Masks/EG/img/NPCs/wavegirl eric guzman--character-ideas-character-art.jpg' -> 'C:/doycet.github.io/img/NPCs/wavegirl eric guzman--character-ideas-character-art.jpg' (30,241)
2018-11-28 20:51:24: Copy New 'C:/doycet.github.io/img/peripheral_moves.png' -> 'C:/Google Drive/RPG/!Supers/!Masks/EG/img/peripheral_moves.png' (421,035)
2018-11-28 20:51:24: Copy New 'C:/Google Drive/RPG/!Supers/!Masks/EG/img/s-l300.jpg' -> 'C:/doycet.github.io/img/s-l300.jpg' (10,953)
2018-11-28 20:51:24: Copy New 'C:/doycet.github.io/img/Screen-Shot-2018-11-07-at-11.04.18-AM.jpg' -> 'C:/Google Drive/RPG/!Supers/!Masks/EG/img/Screen-Shot-2018-11-07-at-11.04.18-AM.jpg' (173,252)
2018-11-28 20:51:24: Copy New 'C:/doycet.github.io/img/silhouette-kat.jpg' -> 'C:/Google Drive/RPG/!Supers/!Masks/EG/img/silhouette-kat.jpg' (12,855)
2018-11-28 20:51:24: Copy New 'C:/Google Drive/RPG/!Supers/!Masks/EG/img/th.jpg' -> 'C:/doycet.github.io/img/th.jpg' (9,872)
2018-11-28 20:51:24: Copy New 'C:/Google Drive/RPG/!Supers/!Masks/EG/img/Villains/2018-11-25 - Screen Shot 2018-11-25 at 12.45.56 PM.png' -> 'C:/doycet.github.io/img/Villains/2018-11-25 - Screen Shot 2018-11-25 at 12.45.56 PM.png' (205,085)
2018-11-28 20:51:25: Copy New 'C:/Google Drive/RPG/!Supers/!Masks/EG/img/Villains/a_i____the_aggressive_intelligence_by_guardsman90-daf5eic.jpg' -> 'C:/doycet.github.io/img/Villains/a_i____the_aggressive_intelligence_by_guardsman90-daf5eic.jpg' (71,054)
2018-11-28 20:51:25: Copy New 'C:/Google Drive/RPG/!Supers/!Masks/EG/img/Villains/alexis_le_trotteur_by_mister_dragonspit-d67jo06.jpg' -> 'C:/doycet.github.io/img/Villains/alexis_le_trotteur_by_mister_dragonspit-d67jo06.jpg' (73,801)
2018-11-28 20:51:25: Copy New 'C:/Google Drive/RPG/!Supers/!Masks/EG/img/Villains/alien octopus giraffe giant.jpg' -> 'C:/doycet.github.io/img/Villains/alien octopus giraffe giant.jpg' (76,102)
2018-11-28 20:51:25: Copy New 'C:/Google Drive/RPG/!Supers/!Masks/EG/img/Villains/alycia-superheroes-rowan.jpg' -> 'C:/doycet.github.io/img/Villains/alycia-superheroes-rowan.jpg' (49,583)
2018-11-28 20:51:25: Copy New 'C:/Google Drive/RPG/!Supers/!Masks/EG/img/Villains/babiche (rawhide)_by_mister_dragonspit-d6bd97g.jpg' -> 'C:/doycet.github.io/img/Villains/babiche (rawhide)_by_mister_dragonspit-d6bd97g.jpg' (146,886)
2018-11-28 20:51:25: Copy New 'C:/Google Drive/RPG/!Supers/!Masks/EG/img/Villains/babiche_(Rawhide)_monstre_de_l_ombre_by_mister_dragonspit-d6uub1h.jpg' -> 'C:/doycet.github.io/img/Villains/babiche_(Rawhide)_monstre_de_l_ombre_by_mister_dragonspit-d6uub1h.jpg' (179,964)
2018-11-28 20:51:25: Copy New 'C:/Google Drive/RPG/!Supers/!Masks/EG/img/Villains/calvaire (ordeal)_by_mister_dragonspit-d6d0iti.jpg' -> 'C:/doycet.github.io/img/Villains/calvaire (ordeal)_by_mister_dragonspit-d6d0iti.jpg' (161,214)
2018-11-28 20:51:25: Copy New 'C:/Google Drive/RPG/!Supers/!Masks/EG/img/Villains/crystal claw.jpg' -> 'C:/doycet.github.io/img/Villains/crystal claw.jpg' (74,811)
2018-11-28 20:51:25: Copy New 'C:/Google Drive/RPG/!Supers/!Masks/EG/img/Villains/dominus-img.png' -> 'C:/doycet.github.io/img/Villains/dominus-img.png' (180,354)
2018-11-28 20:51:25: Copy New 'C:/Google Drive/RPG/!Supers/!Masks/EG/img/Villains/egg.jpg' -> 'C:/doycet.github.io/img/Villains/egg.jpg' (63,549)
2018-11-28 20:51:25: Copy New 'C:/Google Drive/RPG/!Supers/!Masks/EG/img/Villains/facet-img.png' -> 'C:/doycet.github.io/img/Villains/facet-img.png' (187,755)
2018-11-28 20:51:25: Copy New 'C:/Google Drive/RPG/!Supers/!Masks/EG/img/Villains/facet.png' -> 'C:/doycet.github.io/img/Villains/facet.png' (271,778)
2018-11-28 20:51:25: Copy New 'C:/Google Drive/RPG/!Supers/!Masks/EG/img/Villains/farlander-img.png' -> 'C:/doycet.github.io/img/Villains/farlander-img.png' (169,084)
2018-11-28 20:51:25: Copy New 'C:/Google Drive/RPG/!Supers/!Masks/EG/img/Villains/farlander.png' -> 'C:/doycet.github.io/img/Villains/farlander.png' (261,404)
2018-11-28 20:51:25: Copy New 'C:/Google Drive/RPG/!Supers/!Masks/EG/img/Villains/generic_alien_head_by_tiger1313-d5fwbbq.jpg' -> 'C:/doycet.github.io/img/Villains/generic_alien_head_by_tiger1313-d5fwbbq.jpg' (180,989)
2018-11-28 20:51:25: Copy New 'C:/Google Drive/RPG/!Supers/!Masks/EG/img/Villains/ghost_rough_vert_fin_animated_001.gif' -> 'C:/doycet.github.io/img/Villains/ghost_rough_vert_fin_animated_001.gif' (656,787)
2018-11-28 20:51:25: Copy New 'C:/Google Drive/RPG/!Supers/!Masks/EG/img/Villains/guardian_by_mister_dragonspit-d6okk53.jpg' -> 'C:/doycet.github.io/img/Villains/guardian_by_mister_dragonspit-d6okk53.jpg' (139,401)
2018-11-28 20:51:25: Copy New 'C:/Google Drive/RPG/!Supers/!Masks/EG/img/Villains/hidden family.png' -> 'C:/doycet.github.io/img/Villains/hidden family.png' (639,535)
2018-11-28 20:51:25: Copy New 'C:/Google Drive/RPG/!Supers/!Masks/EG/img/Villains/iconoclast.png' -> 'C:/doycet.github.io/img/Villains/iconoclast.png' (275,574)
2018-11-28 20:51:25: Copy New 'C:/Google Drive/RPG/!Supers/!Masks/EG/img/Villains/Lucy-Fire.jpg' -> 'C:/doycet.github.io/img/Villains/Lucy-Fire.jpg' (57,921)
2018-11-28 20:51:25: Copy New 'C:/Google Drive/RPG/!Supers/!Masks/EG/img/Villains/old evil jason.jpg' -> 'C:/doycet.github.io/img/Villains/old evil jason.jpg' (79,177)
2018-11-28 20:51:25: Copy New 'C:/Google Drive/RPG/!Supers/!Masks/EG/img/Villains/pack alpha.jpg' -> 'C:/doycet.github.io/img/Villains/pack alpha.jpg' (152,717)
2018-11-28 20:51:25: Copy New 'C:/Google Drive/RPG/!Supers/!Masks/EG/img/Villains/pandemonium grimace259.jpg' -> 'C:/doycet.github.io/img/Villains/pandemonium grimace259.jpg' (48,091)
2018-11-28 20:51:25: Copy New 'C:/Google Drive/RPG/!Supers/!Masks/EG/img/Villains/pandemonium_prev.png' -> 'C:/doycet.github.io/img/Villains/pandemonium_prev.png' (424,211)
2018-11-28 20:51:25: Copy New 'C:/Google Drive/RPG/!Supers/!Masks/EG/img/Villains/quebec_capitale_by_mister_dragonspit-d6zk0ep.jpg' -> 'C:/doycet.github.io/img/Villains/quebec_capitale_by_mister_dragonspit-d6zk0ep.jpg' (91,325)
2018-11-28 20:51:25: Copy New 'C:/Google Drive/RPG/!Supers/!Masks/EG/img/Villains/rossum-bots.jpg' -> 'C:/doycet.github.io/img/Villains/rossum-bots.jpg' (5,699,912)
2018-11-28 20:51:25: Copy New 'C:/Google Drive/RPG/!Supers/!Masks/EG/img/Villains/skylark_by_guardsman90-da5g0x4.jpg' -> 'C:/doycet.github.io/img/Villains/skylark_by_guardsman90-da5g0x4.jpg' (67,172)
2018-11-28 20:51:25: Copy New 'C:/Google Drive/RPG/!Supers/!Masks/EG/img/Villains/sunrisenebula_-_httpsunrisenebula.tumblr.compost152481221295vershh-alextau666-fem-reyes-god-yes.png' -> 'C:/doycet.github.io/img/Villains/sunrisenebula_-_httpsunrisenebula.tumblr.compost152481221295vershh-alextau666-fem-reyes-god-yes.png' (1,464,392)
2018-11-28 20:51:25: Copy New 'C:/Google Drive/RPG/!Supers/!Masks/EG/img/Villains/terra.jpg' -> 'C:/doycet.github.io/img/Villains/terra.jpg' (29,636)
2018-11-28 20:51:25: Copy New 'C:/Google Drive/RPG/!Supers/!Masks/EG/img/Villains/thewenglishwarlock_-_httpthewenglishwarlock.tumblr.compost152472447020morbidfantasy21-thornking-horror.jpg' -> 'C:/doycet.github.io/img/Villains/thewenglishwarlock_-_httpthewenglishwarlock.tumblr.compost152472447020morbidfantasy21-thornking-horror.jpg' (188,223)
2018-11-28 20:51:25: Copy New 'C:/Google Drive/RPG/!Supers/!Masks/EG/img/Villains/thrynlind_umeko_by_avionetca-d9ubxne.png' -> 'C:/doycet.github.io/img/Villains/thrynlind_umeko_by_avionetca-d9ubxne.png' (335,409)
2018-11-28 20:51:25: Copy New 'C:/Google Drive/RPG/!Supers/!Masks/EG/img/Villains/troll-img.png' -> 'C:/doycet.github.io/img/Villains/troll-img.png' (183,194)
2018-11-28 20:51:25: Copy New 'C:/Google Drive/RPG/!Supers/!Masks/EG/img/Villains/troll-thmb.png' -> 'C:/doycet.github.io/img/Villains/troll-thmb.png' (40,428)
2018-11-28 20:51:25: Copy New 'C:/Google Drive/RPG/!Supers/!Masks/EG/img/Villains/troll.png' -> 'C:/doycet.github.io/img/Villains/troll.png' (264,123)
2018-11-28 20:51:25: Copy New 'C:/Google Drive/RPG/!Supers/!Masks/EG/img/Villains/tumblr_lful5k1VzO1qz6f9yo1_500.jpg' -> 'C:/doycet.github.io/img/Villains/tumblr_lful5k1VzO1qz6f9yo1_500.jpg' (199,866)
2018-11-28 20:51:25: Copy New 'C:/Google Drive/RPG/!Supers/!Masks/EG/img/Villains/tumblr_naq6d8o0iY1rp7yhio1_1280.jpg' -> 'C:/doycet.github.io/img/Villains/tumblr_naq6d8o0iY1rp7yhio1_1280.jpg' (420,540)
2018-11-28 20:51:25: Copy New 'C:/Google Drive/RPG/!Supers/!Masks/EG/img/Villains/tumblr_oumukcFWZa1qz6f9yo2_500.jpg' -> 'C:/doycet.github.io/img/Villains/tumblr_oumukcFWZa1qz6f9yo2_500.jpg' (119,132)
2018-11-28 20:51:25: Copy New 'C:/Google Drive/RPG/!Supers/!Masks/EG/img/Villains/tumblr_oumukcFWZa1qz6f9yo3_500.jpg' -> 'C:/doycet.github.io/img/Villains/tumblr_oumukcFWZa1qz6f9yo3_500.jpg' (169,591)
2018-11-28 20:51:25: Copy New 'C:/Google Drive/RPG/!Supers/!Masks/EG/img/Villains/tumblr_oumukcFWZa1qz6f9yo4_500.jpg' -> 'C:/doycet.github.io/img/Villains/tumblr_oumukcFWZa1qz6f9yo4_500.jpg' (186,088)
2018-11-28 20:51:25: Copy New 'C:/Google Drive/RPG/!Supers/!Masks/EG/img/Villains/tumblr_oumukcFWZa1qz6f9yo7_500.jpg' -> 'C:/doycet.github.io/img/Villains/tumblr_oumukcFWZa1qz6f9yo7_500.jpg' (220,215)
2018-11-28 20:51:25: Copy New 'C:/Google Drive/RPG/!Supers/!Masks/EG/img/Villains/turbo_shift_by_guardsman90-d9sy03c.jpg' -> 'C:/doycet.github.io/img/Villains/turbo_shift_by_guardsman90-d9sy03c.jpg' (79,294)
2018-11-28 20:51:25: Copy New 'C:/Google Drive/RPG/!Supers/!Masks/EG/img/Villains/Vallerie_color01.jpg' -> 'C:/doycet.github.io/img/Villains/Vallerie_color01.jpg' (135,664)
2018-11-28 20:51:25: Copy New 'C:/Google Drive/RPG/!Supers/!Masks/EG/img/Villains/vector (speedster villain).jpg' -> 'C:/doycet.github.io/img/Villains/vector (speedster villain).jpg' (72,563)
2018-11-28 20:51:25: Copy New 'C:/Google Drive/RPG/!Supers/!Masks/EG/img/Villains/viral-img-crop.jpg' -> 'C:/doycet.github.io/img/Villains/viral-img-crop.jpg' (54,361)
2018-11-28 20:51:25: Copy New 'C:/Google Drive/RPG/!Supers/!Masks/EG/img/Villains/viral-img.png' -> 'C:/doycet.github.io/img/Villains/viral-img.png' (191,901)
2018-11-28 20:51:25: Copy New 'C:/Google Drive/RPG/!Supers/!Masks/EG/img/Villains/viral.png' -> 'C:/doycet.github.io/img/Villains/viral.png' (270,441)
2018-11-28 20:51:25: Copy New 'C:/Google Drive/RPG/!Supers/!Masks/EG/img/Villains/VyortoviansMarching.jpg' -> 'C:/doycet.github.io/img/Villains/VyortoviansMarching.jpg' (93,881)
2018-11-28 20:51:25: Copy New 'C:/Google Drive/RPG/!Supers/!Masks/EG/img/Villains/watch.gif' -> 'C:/doycet.github.io/img/Villains/watch.gif' (865,120)
2018-11-28 20:51:25: Copy New 'C:/doycet.github.io/img/voltaic.png' -> 'C:/Google Drive/RPG/!Supers/!Masks/EG/img/voltaic.png' (205,085)
2018-11-28 20:51:25: Copy New 'C:/doycet.github.io/index.html' -> 'C:/Google Drive/RPG/!Supers/!Masks/EG/index.html' (337,932)
2018-11-28 20:51:25: Copy New 'C:/doycet.github.io/index.md' -> 'C:/Google Drive/RPG/!Supers/!Masks/EG/index.md' (282)
2018-11-28 20:51:25: Copy New 'C:/doycet.github.io/LICENSE.txt' -> 'C:/Google Drive/RPG/!Supers/!Masks/EG/LICENSE.txt' (2,389)
2018-11-28 20:51:25: Copy Over 'C:/doycet.github.io/Masks EG - session 00.md' -> 'C:/Google Drive/RPG/!Supers/!Masks/EG/Masks EG - session 00.md' (16,316) (User Action)
2018-11-28 20:51:25: Copy New 'C:/doycet.github.io/Masks-Basic-Moves - Copy.pdf' -> 'C:/Google Drive/RPG/!Supers/!Masks/EG/Masks-Basic-Moves - Copy.pdf' (153,194)
2018-11-28 20:51:25: Copy New 'C:/doycet.github.io/Masks-Playbooks-ALL - Copy.pdf' -> 'C:/Google Drive/RPG/!Supers/!Masks/EG/Masks-Playbooks-ALL - Copy.pdf' (13,973,273)
2018-11-28 20:51:25: Copy New 'C:/doycet.github.io/Masks-Playbooks-no-pix - Copy.pdf' -> 'C:/Google Drive/RPG/!Supers/!Masks/EG/Masks-Playbooks-no-pix - Copy.pdf' (10,338,549)
2018-11-28 20:51:26: Copy New 'C:/doycet.github.io/mdwiki-debug.html' -> 'C:/Google Drive/RPG/!Supers/!Masks/EG/mdwiki-debug.html' (408,885)
2018-11-28 20:51:26: Copy New 'C:/doycet.github.io/mdwiki-slim.html' -> 'C:/Google Drive/RPG/!Supers/!Masks/EG/mdwiki-slim.html' (85,028)
2018-11-28 20:51:26: Copy New 'C:/doycet.github.io/mdwiki.html' -> 'C:/Google Drive/RPG/!Supers/!Masks/EG/mdwiki.html' (337,932)
2018-11-28 20:51:26: Copy New 'C:/doycet.github.io/navigation.md' -> 'C:/Google Drive/RPG/!Supers/!Masks/EG/navigation.md' (328)
2018-11-28 20:51:26: Copy New 'C:/doycet.github.io/README.md' -> 'C:/Google Drive/RPG/!Supers/!Masks/EG/README.md' (79)
2018-11-28 20:51:27: == Sync Complete. Time: 00:00:05, Speed: 20.7 MB/s, OK: 186, Errors: 0
2018-11-28 20:51:27: 
